<?xml version="1.0" encoding="UTF-8"?>
<testsuite xmlns:xsi="http://www.w3.org/2001/XMLSchema-instance" xsi:noNamespaceSchemaLocation="https://maven.apache.org/surefire/maven-surefire-plugin/xsd/surefire-test-report-3.0.xsd" version="3.0" name="com.camera.app.poc.controller.PocControllerTest" time="6.758" tests="21" errors="0" skipped="0" failures="0">
  <properties>
[...]
</properties>
  <testcase name="operatorCanDownloadPoc" classname="com.camera.app.poc.controller.PocControllerTest" time="0.36">
    <system-out><![CDATA[15:15:02.234 [main] INFO org.springframework.test.context.support.AnnotationConfigContextLoaderUtils -- Could not detect default configuration classes for test class [com.camera.app.poc.controller.PocControllerTest]: PocControllerTest does not declare any static, non-private, non-final, nested classes annotated with @Configuration.
15:15:02.418 [main] INFO org.springframework.boot.test.context.SpringBootTestContextBootstrapper -- Found @SpringBootConfiguration com.camera.app.CameraAppApplication for test class com.camera.app.poc.controller.PocControllerTest

  .   ____          _            __ _ _
 /\\ / ___'_ __ _ _(_)_ __  __ _ \ \ \ \
( ( )\___ | '_ | '_| | '_ \/ _` | \ \ \ \
 \\/  ___)| |_)| | | | | || (_| |  ) ) ) )
  '  |____| .__|_| |_|_| |_\__, | / / / /
 =========|_|==============|___/=/_/_/_/
 :: Spring Boot ::                (v3.2.5)

2026-04-23T15:15:02.875+08:00  INFO 33912 --- [camera-app] [           main] c.c.a.poc.controller.PocControllerTest   : Starting PocControllerTest using Java 17.0.18 with PID 33912 (started by 16127 in D:\code\camera_app\backend)
2026-04-23T15:15:02.876+08:00 DEBUG 33912 --- [camera-app] [           main] c.c.a.poc.controller.PocControllerTest   : Running with Spring Boot v3.2.5, Spring v6.1.6
2026-04-23T15:15:02.876+08:00  INFO 33912 --- [camera-app] [           main] c.c.a.poc.controller.PocControllerTest   : The following 1 profile is active: "local"
2026-04-23T15:15:07.046+08:00  INFO 33912 --- [camera-app] [           main] o.s.s.web.DefaultSecurityFilterChain     : Will secure any request with [org.springframework.security.web.session.DisableEncodeUrlFilter@56478522, org.springframework.security.web.context.request.async.WebAsyncManagerIntegrationFilter@3caf5c96, org.springframework.security.web.context.SecurityContextHolderFilter@2f9addd4, org.springframework.security.web.header.HeaderWriterFilter@3451fc88, org.springframework.web.filter.CorsFilter@5b3755f4, org.springframework.security.web.authentication.logout.LogoutFilter@3d132bb6, com.camera.app.security.JwtAuthenticationFilter@67ceeffd, org.springframework.security.web.savedrequest.RequestCacheAwareFilter@ff2266c, org.springframework.security.web.servletapi.SecurityContextHolderAwareRequestFilter@71b3ba5a, org.springframework.security.web.authentication.AnonymousAuthenticationFilter@37d3aa8c, org.springframework.security.web.session.SessionManagementFilter@2f038d3c, org.springframework.security.web.access.ExceptionTranslationFilter@64c95480, org.springframework.security.web.access.intercept.AuthorizationFilter@334b392d]
2026-04-23T15:15:07.740+08:00 DEBUG 33912 --- [camera-app] [           main] c.c.a.security.JwtAuthenticationFilter   : Filter 'jwtAuthenticationFilter' configured for use
2026-04-23T15:15:07.762+08:00  INFO 33912 --- [camera-app] [           main] o.s.b.t.m.w.SpringBootMockServletContext : Initializing Spring TestDispatcherServlet ''
2026-04-23T15:15:07.762+08:00  INFO 33912 --- [camera-app] [           main] o.s.t.web.servlet.TestDispatcherServlet  : Initializing Servlet ''
2026-04-23T15:15:07.764+08:00  INFO 33912 --- [camera-app] [           main] o.s.t.web.servlet.TestDispatcherServlet  : Completed initialization in 2 ms
2026-04-23T15:15:07.857+08:00  INFO 33912 --- [camera-app] [           main] c.c.a.poc.controller.PocControllerTest   : Started PocControllerTest in 5.355 seconds (process running for 6.401)
2026-04-23T15:15:08.118+08:00 DEBUG 33912 --- [camera-app] [           main] o.s.security.web.FilterChainProxy        : Securing GET /api/v1/pocs/1/download
2026-04-23T15:15:08.138+08:00 DEBUG 33912 --- [camera-app] [           main] o.s.security.web.FilterChainProxy        : Secured GET /api/v1/pocs/1/download
2026-04-23T15:15:08.176+08:00 DEBUG 33912 --- [camera-app] [           main] horizationManagerBeforeMethodInterceptor : Authorizing method invocation ReflectiveMethodInvocation: public org.springframework.http.ResponseEntity com.camera.app.poc.controller.PocController.downloadPoc(java.lang.Long); target is of class [com.camera.app.poc.controller.PocController]
2026-04-23T15:15:08.212+08:00 DEBUG 33912 --- [camera-app] [           main] horizationManagerBeforeMethodInterceptor : Authorized method invocation ReflectiveMethodInvocation: public org.springframework.http.ResponseEntity com.camera.app.poc.controller.PocController.downloadPoc(java.lang.Long); target is of class [com.camera.app.poc.controller.PocController]
]]></system-out>
  </testcase>
  <testcase name="adminCanUpdatePocMetadata" classname="com.camera.app.poc.controller.PocControllerTest" time="0.327">
    <system-out><![CDATA[2026-04-23T15:15:08.356+08:00 DEBUG 33912 --- [camera-app] [           main] o.s.security.web.FilterChainProxy        : Securing PUT /api/v1/pocs/1
2026-04-23T15:15:08.357+08:00 DEBUG 33912 --- [camera-app] [           main] o.s.security.web.FilterChainProxy        : Secured PUT /api/v1/pocs/1
2026-04-23T15:15:08.498+08:00 DEBUG 33912 --- [camera-app] [           main] horizationManagerBeforeMethodInterceptor : Authorizing method invocation ReflectiveMethodInvocation: public com.camera.app.common.response.ApiResponse com.camera.app.poc.controller.PocController.updatePoc(java.lang.Long,com.camera.app.poc.dto.PocUpdateRequest); target is of class [com.camera.app.poc.controller.PocController]
2026-04-23T15:15:08.499+08:00 DEBUG 33912 --- [camera-app] [           main] horizationManagerBeforeMethodInterceptor : Authorized method invocation ReflectiveMethodInvocation: public com.camera.app.common.response.ApiResponse com.camera.app.poc.controller.PocController.updatePoc(java.lang.Long,com.camera.app.poc.dto.PocUpdateRequest); target is of class [com.camera.app.poc.controller.PocController]
]]></system-out>
  </testcase>
  <testcase name="contentPreviewNotFoundShouldReturn404" classname="com.camera.app.poc.controller.PocControllerTest" time="0.015">
    <system-out><![CDATA[2026-04-23T15:15:08.591+08:00 DEBUG 33912 --- [camera-app] [           main] o.s.security.web.FilterChainProxy        : Securing GET /api/v1/pocs/999/content
2026-04-23T15:15:08.592+08:00 DEBUG 33912 --- [camera-app] [           main] o.s.security.web.FilterChainProxy        : Secured GET /api/v1/pocs/999/content
2026-04-23T15:15:08.593+08:00 DEBUG 33912 --- [camera-app] [           main] horizationManagerBeforeMethodInterceptor : Authorizing method invocation ReflectiveMethodInvocation: public com.camera.app.common.response.ApiResponse com.camera.app.poc.controller.PocController.getPocContent(java.lang.Long); target is of class [com.camera.app.poc.controller.PocController]
2026-04-23T15:15:08.593+08:00 DEBUG 33912 --- [camera-app] [           main] horizationManagerBeforeMethodInterceptor : Authorized method invocation ReflectiveMethodInvocation: public com.camera.app.common.response.ApiResponse com.camera.app.poc.controller.PocController.getPocContent(java.lang.Long); target is of class [com.camera.app.poc.controller.PocController]
]]></system-out>
  </testcase>
  <testcase name="operatorCannotUpdatePoc" classname="com.camera.app.poc.controller.PocControllerTest" time="0.015">
    <system-out><![CDATA[2026-04-23T15:15:08.607+08:00 DEBUG 33912 --- [camera-app] [           main] o.s.security.web.FilterChainProxy        : Securing PUT /api/v1/pocs/1
2026-04-23T15:15:08.608+08:00 DEBUG 33912 --- [camera-app] [           main] o.s.security.web.FilterChainProxy        : Secured PUT /api/v1/pocs/1
2026-04-23T15:15:08.609+08:00 DEBUG 33912 --- [camera-app] [           main] horizationManagerBeforeMethodInterceptor : Authorizing method invocation ReflectiveMethodInvocation: public com.camera.app.common.response.ApiResponse com.camera.app.poc.controller.PocController.updatePoc(java.lang.Long,com.camera.app.poc.dto.PocUpdateRequest); target is of class [com.camera.app.poc.controller.PocController]
2026-04-23T15:15:08.615+08:00 DEBUG 33912 --- [camera-app] [           main] horizationManagerBeforeMethodInterceptor : Failed to authorize ReflectiveMethodInvocation: public com.camera.app.common.response.ApiResponse com.camera.app.poc.controller.PocController.updatePoc(java.lang.Long,com.camera.app.poc.dto.PocUpdateRequest); target is of class [com.camera.app.poc.controller.PocController] with authorization manager org.springframework.security.config.annotation.method.configuration.DeferringObservationAuthorizationManager@7bde704a and decision ExpressionAuthorizationDecision [granted=false, expressionAttribute=hasRole('ADMIN')]
]]></system-out>
  </testcase>
  <testcase name="adminCanDeletePoc" classname="com.camera.app.poc.controller.PocControllerTest" time="0.007">
    <system-out><![CDATA[2026-04-23T15:15:08.624+08:00 DEBUG 33912 --- [camera-app] [           main] o.s.security.web.FilterChainProxy        : Securing DELETE /api/v1/pocs/1
2026-04-23T15:15:08.624+08:00 DEBUG 33912 --- [camera-app] [           main] o.s.security.web.FilterChainProxy        : Secured DELETE /api/v1/pocs/1
2026-04-23T15:15:08.625+08:00 DEBUG 33912 --- [camera-app] [           main] horizationManagerBeforeMethodInterceptor : Authorizing method invocation ReflectiveMethodInvocation: public com.camera.app.common.response.ApiResponse com.camera.app.poc.controller.PocController.deletePoc(java.lang.Long); target is of class [com.camera.app.poc.controller.PocController]
2026-04-23T15:15:08.626+08:00 DEBUG 33912 --- [camera-app] [           main] horizationManagerBeforeMethodInterceptor : Authorized method invocation ReflectiveMethodInvocation: public com.camera.app.common.response.ApiResponse com.camera.app.poc.controller.PocController.deletePoc(java.lang.Long); target is of class [com.camera.app.poc.controller.PocController]
]]></system-out>
  </testcase>
  <testcase name="largeFileReturnsTruncated" classname="com.camera.app.poc.controller.PocControllerTest" time="0.009">
    <system-out><![CDATA[2026-04-23T15:15:08.632+08:00 DEBUG 33912 --- [camera-app] [           main] o.s.security.web.FilterChainProxy        : Securing GET /api/v1/pocs/1/content
2026-04-23T15:15:08.634+08:00 DEBUG 33912 --- [camera-app] [           main] o.s.security.web.FilterChainProxy        : Secured GET /api/v1/pocs/1/content
2026-04-23T15:15:08.634+08:00 DEBUG 33912 --- [camera-app] [           main] horizationManagerBeforeMethodInterceptor : Authorizing method invocation ReflectiveMethodInvocation: public com.camera.app.common.response.ApiResponse com.camera.app.poc.controller.PocController.getPocContent(java.lang.Long); target is of class [com.camera.app.poc.controller.PocController]
2026-04-23T15:15:08.635+08:00 DEBUG 33912 --- [camera-app] [           main] horizationManagerBeforeMethodInterceptor : Authorized method invocation ReflectiveMethodInvocation: public com.camera.app.common.response.ApiResponse com.camera.app.poc.controller.PocController.getPocContent(java.lang.Long); target is of class [com.camera.app.poc.controller.PocController]
]]></system-out>
  </testcase>
  <testcase name="operatorCanPreviewPyFile" classname="com.camera.app.poc.controller.PocControllerTest" time="0.007">
    <system-out><![CDATA[2026-04-23T15:15:08.643+08:00 DEBUG 33912 --- [camera-app] [           main] o.s.security.web.FilterChainProxy        : Securing GET /api/v1/pocs/1/content
2026-04-23T15:15:08.643+08:00 DEBUG 33912 --- [camera-app] [           main] o.s.security.web.FilterChainProxy        : Secured GET /api/v1/pocs/1/content
2026-04-23T15:15:08.644+08:00 DEBUG 33912 --- [camera-app] [           main] horizationManagerBeforeMethodInterceptor : Authorizing method invocation ReflectiveMethodInvocation: public com.camera.app.common.response.ApiResponse com.camera.app.poc.controller.PocController.getPocContent(java.lang.Long); target is of class [com.camera.app.poc.controller.PocController]
2026-04-23T15:15:08.644+08:00 DEBUG 33912 --- [camera-app] [           main] horizationManagerBeforeMethodInterceptor : Authorized method invocation ReflectiveMethodInvocation: public com.camera.app.common.response.ApiResponse com.camera.app.poc.controller.PocController.getPocContent(java.lang.Long); target is of class [com.camera.app.poc.controller.PocController]
]]></system-out>
  </testcase>
  <testcase name="viewerCannotGetPocDetail" classname="com.camera.app.poc.controller.PocControllerTest" time="0.007">
    <system-out><![CDATA[2026-04-23T15:15:08.650+08:00 DEBUG 33912 --- [camera-app] [           main] o.s.security.web.FilterChainProxy        : Securing GET /api/v1/pocs/1
2026-04-23T15:15:08.651+08:00 DEBUG 33912 --- [camera-app] [           main] o.s.security.web.FilterChainProxy        : Secured GET /api/v1/pocs/1
2026-04-23T15:15:08.651+08:00 DEBUG 33912 --- [camera-app] [           main] horizationManagerBeforeMethodInterceptor : Authorizing method invocation ReflectiveMethodInvocation: public com.camera.app.common.response.ApiResponse com.camera.app.poc.controller.PocController.getPoc(java.lang.Long); target is of class [com.camera.app.poc.controller.PocController]
2026-04-23T15:15:08.651+08:00 DEBUG 33912 --- [camera-app] [           main] horizationManagerBeforeMethodInterceptor : Failed to authorize ReflectiveMethodInvocation: public com.camera.app.common.response.ApiResponse com.camera.app.poc.controller.PocController.getPoc(java.lang.Long); target is of class [com.camera.app.poc.controller.PocController] with authorization manager org.springframework.security.config.annotation.method.configuration.DeferringObservationAuthorizationManager@7bde704a and decision ExpressionAuthorizationDecision [granted=false, expressionAttribute=hasAnyRole('ADMIN', 'OPERATOR')]
]]></system-out>
  </testcase>
  <testcase name="uploadEmptyFileShouldReturn400" classname="com.camera.app.poc.controller.PocControllerTest" time="0.02">
    <system-out><![CDATA[2026-04-23T15:15:08.662+08:00 DEBUG 33912 --- [camera-app] [           main] o.s.security.web.FilterChainProxy        : Securing POST /api/v1/pocs
2026-04-23T15:15:08.663+08:00 DEBUG 33912 --- [camera-app] [           main] o.s.security.web.FilterChainProxy        : Secured POST /api/v1/pocs
2026-04-23T15:15:08.672+08:00 DEBUG 33912 --- [camera-app] [           main] horizationManagerBeforeMethodInterceptor : Authorizing method invocation ReflectiveMethodInvocation: public com.camera.app.common.response.ApiResponse com.camera.app.poc.controller.PocController.uploadPoc(org.springframework.web.multipart.MultipartFile,java.lang.String,java.lang.String,java.lang.String,java.lang.String,java.lang.String,java.lang.String,java.lang.String,java.lang.String,java.lang.String,boolean,org.springframework.security.core.Authentication); target is of class [com.camera.app.poc.controller.PocController]
2026-04-23T15:15:08.672+08:00 DEBUG 33912 --- [camera-app] [           main] horizationManagerBeforeMethodInterceptor : Authorized method invocation ReflectiveMethodInvocation: public com.camera.app.common.response.ApiResponse com.camera.app.poc.controller.PocController.uploadPoc(org.springframework.web.multipart.MultipartFile,java.lang.String,java.lang.String,java.lang.String,java.lang.String,java.lang.String,java.lang.String,java.lang.String,java.lang.String,java.lang.String,boolean,org.springframework.security.core.Authentication); target is of class [com.camera.app.poc.controller.PocController]
]]></system-out>
  </testcase>
  <testcase name="viewerCannotPreviewPocContent" classname="com.camera.app.poc.controller.PocControllerTest" time="0.006">
    <system-out><![CDATA[2026-04-23T15:15:08.680+08:00 DEBUG 33912 --- [camera-app] [           main] o.s.security.web.FilterChainProxy        : Securing GET /api/v1/pocs/1/content
2026-04-23T15:15:08.681+08:00 DEBUG 33912 --- [camera-app] [           main] o.s.security.web.FilterChainProxy        : Secured GET /api/v1/pocs/1/content
2026-04-23T15:15:08.681+08:00 DEBUG 33912 --- [camera-app] [           main] horizationManagerBeforeMethodInterceptor : Authorizing method invocation ReflectiveMethodInvocation: public com.camera.app.common.response.ApiResponse com.camera.app.poc.controller.PocController.getPocContent(java.lang.Long); target is of class [com.camera.app.poc.controller.PocController]
2026-04-23T15:15:08.682+08:00 DEBUG 33912 --- [camera-app] [           main] horizationManagerBeforeMethodInterceptor : Failed to authorize ReflectiveMethodInvocation: public com.camera.app.common.response.ApiResponse com.camera.app.poc.controller.PocController.getPocContent(java.lang.Long); target is of class [com.camera.app.poc.controller.PocController] with authorization manager org.springframework.security.config.annotation.method.configuration.DeferringObservationAuthorizationManager@7bde704a and decision ExpressionAuthorizationDecision [granted=false, expressionAttribute=hasAnyRole('ADMIN', 'OPERATOR')]
]]></system-out>
  </testcase>
  <testcase name="viewerCannotDownloadPoc" classname="com.camera.app.poc.controller.PocControllerTest" time="0.006">
    <system-out><![CDATA[2026-04-23T15:15:08.688+08:00 DEBUG 33912 --- [camera-app] [           main] o.s.security.web.FilterChainProxy        : Securing GET /api/v1/pocs/1/download
2026-04-23T15:15:08.688+08:00 DEBUG 33912 --- [camera-app] [           main] o.s.security.web.FilterChainProxy        : Secured GET /api/v1/pocs/1/download
2026-04-23T15:15:08.689+08:00 DEBUG 33912 --- [camera-app] [           main] horizationManagerBeforeMethodInterceptor : Authorizing method invocation ReflectiveMethodInvocation: public org.springframework.http.ResponseEntity com.camera.app.poc.controller.PocController.downloadPoc(java.lang.Long); target is of class [com.camera.app.poc.controller.PocController]
2026-04-23T15:15:08.689+08:00 DEBUG 33912 --- [camera-app] [           main] horizationManagerBeforeMethodInterceptor : Failed to authorize ReflectiveMethodInvocation: public org.springframework.http.ResponseEntity com.camera.app.poc.controller.PocController.downloadPoc(java.lang.Long); target is of class [com.camera.app.poc.controller.PocController] with authorization manager org.springframework.security.config.annotation.method.configuration.DeferringObservationAuthorizationManager@7bde704a and decision ExpressionAuthorizationDecision [granted=false, expressionAttribute=hasAnyRole('ADMIN', 'OPERATOR')]
]]></system-out>
  </testcase>
  <testcase name="binaryFileReturnsNotPreviewable" classname="com.camera.app.poc.controller.PocControllerTest" time="0.004">
    <system-out><![CDATA[2026-04-23T15:15:08.695+08:00 DEBUG 33912 --- [camera-app] [           main] o.s.security.web.FilterChainProxy        : Securing GET /api/v1/pocs/1/content
2026-04-23T15:15:08.696+08:00 DEBUG 33912 --- [camera-app] [           main] o.s.security.web.FilterChainProxy        : Secured GET /api/v1/pocs/1/content
2026-04-23T15:15:08.696+08:00 DEBUG 33912 --- [camera-app] [           main] horizationManagerBeforeMethodInterceptor : Authorizing method invocation ReflectiveMethodInvocation: public com.camera.app.common.response.ApiResponse com.camera.app.poc.controller.PocController.getPocContent(java.lang.Long); target is of class [com.camera.app.poc.controller.PocController]
2026-04-23T15:15:08.696+08:00 DEBUG 33912 --- [camera-app] [           main] horizationManagerBeforeMethodInterceptor : Authorized method invocation ReflectiveMethodInvocation: public com.camera.app.common.response.ApiResponse com.camera.app.poc.controller.PocController.getPocContent(java.lang.Long); target is of class [com.camera.app.poc.controller.PocController]
]]></system-out>
  </testcase>
  <testcase name="getPocNotFoundShouldReturn404" classname="com.camera.app.poc.controller.PocControllerTest" time="0.005">
    <system-out><![CDATA[2026-04-23T15:15:08.700+08:00 DEBUG 33912 --- [camera-app] [           main] o.s.security.web.FilterChainProxy        : Securing GET /api/v1/pocs/999
2026-04-23T15:15:08.701+08:00 DEBUG 33912 --- [camera-app] [           main] o.s.security.web.FilterChainProxy        : Secured GET /api/v1/pocs/999
2026-04-23T15:15:08.701+08:00 DEBUG 33912 --- [camera-app] [           main] horizationManagerBeforeMethodInterceptor : Authorizing method invocation ReflectiveMethodInvocation: public com.camera.app.common.response.ApiResponse com.camera.app.poc.controller.PocController.getPoc(java.lang.Long); target is of class [com.camera.app.poc.controller.PocController]
2026-04-23T15:15:08.701+08:00 DEBUG 33912 --- [camera-app] [           main] horizationManagerBeforeMethodInterceptor : Authorized method invocation ReflectiveMethodInvocation: public com.camera.app.common.response.ApiResponse com.camera.app.poc.controller.PocController.getPoc(java.lang.Long); target is of class [com.camera.app.poc.controller.PocController]
]]></system-out>
  </testcase>
  <testcase name="operatorCannotDeletePoc" classname="com.camera.app.poc.controller.PocControllerTest" time="0.006">
    <system-out><![CDATA[2026-04-23T15:15:08.709+08:00 DEBUG 33912 --- [camera-app] [           main] o.s.security.web.FilterChainProxy        : Securing DELETE /api/v1/pocs/1
2026-04-23T15:15:08.709+08:00 DEBUG 33912 --- [camera-app] [           main] o.s.security.web.FilterChainProxy        : Secured DELETE /api/v1/pocs/1
2026-04-23T15:15:08.710+08:00 DEBUG 33912 --- [camera-app] [           main] horizationManagerBeforeMethodInterceptor : Authorizing method invocation ReflectiveMethodInvocation: public com.camera.app.common.response.ApiResponse com.camera.app.poc.controller.PocController.deletePoc(java.lang.Long); target is of class [com.camera.app.poc.controller.PocController]
2026-04-23T15:15:08.710+08:00 DEBUG 33912 --- [camera-app] [           main] horizationManagerBeforeMethodInterceptor : Failed to authorize ReflectiveMethodInvocation: public com.camera.app.common.response.ApiResponse com.camera.app.poc.controller.PocController.deletePoc(java.lang.Long); target is of class [com.camera.app.poc.controller.PocController] with authorization manager org.springframework.security.config.annotation.method.configuration.DeferringObservationAuthorizationManager@7bde704a and decision ExpressionAuthorizationDecision [granted=false, expressionAttribute=hasRole('ADMIN')]
]]></system-out>
  </testcase>
  <testcase name="adminCanUploadPoc" classname="com.camera.app.poc.controller.PocControllerTest" time="0.011">
    <system-out><![CDATA[2026-04-23T15:15:08.716+08:00 DEBUG 33912 --- [camera-app] [           main] o.s.security.web.FilterChainProxy        : Securing POST /api/v1/pocs
2026-04-23T15:15:08.716+08:00 DEBUG 33912 --- [camera-app] [           main] o.s.security.web.FilterChainProxy        : Secured POST /api/v1/pocs
2026-04-23T15:15:08.716+08:00 DEBUG 33912 --- [camera-app] [           main] horizationManagerBeforeMethodInterceptor : Authorizing method invocation ReflectiveMethodInvocation: public com.camera.app.common.response.ApiResponse com.camera.app.poc.controller.PocController.uploadPoc(org.springframework.web.multipart.MultipartFile,java.lang.String,java.lang.String,java.lang.String,java.lang.String,java.lang.String,java.lang.String,java.lang.String,java.lang.String,java.lang.String,boolean,org.springframework.security.core.Authentication); target is of class [com.camera.app.poc.controller.PocController]
2026-04-23T15:15:08.716+08:00 DEBUG 33912 --- [camera-app] [           main] horizationManagerBeforeMethodInterceptor : Authorized method invocation ReflectiveMethodInvocation: public com.camera.app.common.response.ApiResponse com.camera.app.poc.controller.PocController.uploadPoc(org.springframework.web.multipart.MultipartFile,java.lang.String,java.lang.String,java.lang.String,java.lang.String,java.lang.String,java.lang.String,java.lang.String,java.lang.String,java.lang.String,boolean,org.springframework.security.core.Authentication); target is of class [com.camera.app.poc.controller.PocController]
]]></system-out>
  </testcase>
  <testcase name="operatorCanListPocs" classname="com.camera.app.poc.controller.PocControllerTest" time="0.028">
    <system-out><![CDATA[2026-04-23T15:15:08.743+08:00 DEBUG 33912 --- [camera-app] [           main] o.s.security.web.FilterChainProxy        : Securing GET /api/v1/pocs
2026-04-23T15:15:08.743+08:00 DEBUG 33912 --- [camera-app] [           main] o.s.security.web.FilterChainProxy        : Secured GET /api/v1/pocs
2026-04-23T15:15:08.744+08:00 DEBUG 33912 --- [camera-app] [           main] horizationManagerBeforeMethodInterceptor : Authorizing method invocation ReflectiveMethodInvocation: public com.camera.app.common.response.ApiResponse com.camera.app.poc.controller.PocController.listPocs(java.lang.String,java.lang.String,java.lang.Boolean,java.lang.String,java.lang.String,int,int); target is of class [com.camera.app.poc.controller.PocController]
2026-04-23T15:15:08.745+08:00 DEBUG 33912 --- [camera-app] [           main] horizationManagerBeforeMethodInterceptor : Authorized method invocation ReflectiveMethodInvocation: public com.camera.app.common.response.ApiResponse com.camera.app.poc.controller.PocController.listPocs(java.lang.String,java.lang.String,java.lang.Boolean,java.lang.String,java.lang.String,int,int); target is of class [com.camera.app.poc.controller.PocController]
]]></system-out>
  </testcase>
  <testcase name="adminCanGetPocDetail" classname="com.camera.app.poc.controller.PocControllerTest" time="0.008">
    <system-out><![CDATA[2026-04-23T15:15:08.757+08:00 DEBUG 33912 --- [camera-app] [           main] o.s.security.web.FilterChainProxy        : Securing GET /api/v1/pocs/1
2026-04-23T15:15:08.758+08:00 DEBUG 33912 --- [camera-app] [           main] o.s.security.web.FilterChainProxy        : Secured GET /api/v1/pocs/1
2026-04-23T15:15:08.758+08:00 DEBUG 33912 --- [camera-app] [           main] horizationManagerBeforeMethodInterceptor : Authorizing method invocation ReflectiveMethodInvocation: public com.camera.app.common.response.ApiResponse com.camera.app.poc.controller.PocController.getPoc(java.lang.Long); target is of class [com.camera.app.poc.controller.PocController]
2026-04-23T15:15:08.758+08:00 DEBUG 33912 --- [camera-app] [           main] horizationManagerBeforeMethodInterceptor : Authorized method invocation ReflectiveMethodInvocation: public com.camera.app.common.response.ApiResponse com.camera.app.poc.controller.PocController.getPoc(java.lang.Long); target is of class [com.camera.app.poc.controller.PocController]
]]></system-out>
  </testcase>
  <testcase name="viewerCannotListPocs" classname="com.camera.app.poc.controller.PocControllerTest" time="0.006">
    <system-out><![CDATA[2026-04-23T15:15:08.767+08:00 DEBUG 33912 --- [camera-app] [           main] o.s.security.web.FilterChainProxy        : Securing GET /api/v1/pocs
2026-04-23T15:15:08.767+08:00 DEBUG 33912 --- [camera-app] [           main] o.s.security.web.FilterChainProxy        : Secured GET /api/v1/pocs
2026-04-23T15:15:08.768+08:00 DEBUG 33912 --- [camera-app] [           main] horizationManagerBeforeMethodInterceptor : Authorizing method invocation ReflectiveMethodInvocation: public com.camera.app.common.response.ApiResponse com.camera.app.poc.controller.PocController.listPocs(java.lang.String,java.lang.String,java.lang.Boolean,java.lang.String,java.lang.String,int,int); target is of class [com.camera.app.poc.controller.PocController]
2026-04-23T15:15:08.768+08:00 DEBUG 33912 --- [camera-app] [           main] horizationManagerBeforeMethodInterceptor : Failed to authorize ReflectiveMethodInvocation: public com.camera.app.common.response.ApiResponse com.camera.app.poc.controller.PocController.listPocs(java.lang.String,java.lang.String,java.lang.Boolean,java.lang.String,java.lang.String,int,int); target is of class [com.camera.app.poc.controller.PocController] with authorization manager org.springframework.security.config.annotation.method.configuration.DeferringObservationAuthorizationManager@7bde704a and decision ExpressionAuthorizationDecision [granted=false, expressionAttribute=hasAnyRole('ADMIN', 'OPERATOR')]
]]></system-out>
  </testcase>
  <testcase name="adminCanListPocs" classname="com.camera.app.poc.controller.PocControllerTest" time="0.01">
    <system-out><![CDATA[2026-04-23T15:15:08.774+08:00 DEBUG 33912 --- [camera-app] [           main] o.s.security.web.FilterChainProxy        : Securing GET /api/v1/pocs
2026-04-23T15:15:08.774+08:00 DEBUG 33912 --- [camera-app] [           main] o.s.security.web.FilterChainProxy        : Secured GET /api/v1/pocs
2026-04-23T15:15:08.776+08:00 DEBUG 33912 --- [camera-app] [           main] horizationManagerBeforeMethodInterceptor : Authorizing method invocation ReflectiveMethodInvocation: public com.camera.app.common.response.ApiResponse com.camera.app.poc.controller.PocController.listPocs(java.lang.String,java.lang.String,java.lang.Boolean,java.lang.String,java.lang.String,int,int); target is of class [com.camera.app.poc.controller.PocController]
2026-04-23T15:15:08.776+08:00 DEBUG 33912 --- [camera-app] [           main] horizationManagerBeforeMethodInterceptor : Authorized method invocation ReflectiveMethodInvocation: public com.camera.app.common.response.ApiResponse com.camera.app.poc.controller.PocController.listPocs(java.lang.String,java.lang.String,java.lang.Boolean,java.lang.String,java.lang.String,int,int); target is of class [com.camera.app.poc.controller.PocController]
]]></system-out>
  </testcase>
  <testcase name="operatorCannotUploadPoc" classname="com.camera.app.poc.controller.PocControllerTest" time="0.006">
    <system-out><![CDATA[2026-04-23T15:15:08.785+08:00 DEBUG 33912 --- [camera-app] [           main] o.s.security.web.FilterChainProxy        : Securing POST /api/v1/pocs
2026-04-23T15:15:08.785+08:00 DEBUG 33912 --- [camera-app] [           main] o.s.security.web.FilterChainProxy        : Secured POST /api/v1/pocs
2026-04-23T15:15:08.786+08:00 DEBUG 33912 --- [camera-app] [           main] horizationManagerBeforeMethodInterceptor : Authorizing method invocation ReflectiveMethodInvocation: public com.camera.app.common.response.ApiResponse com.camera.app.poc.controller.PocController.uploadPoc(org.springframework.web.multipart.MultipartFile,java.lang.String,java.lang.String,java.lang.String,java.lang.String,java.lang.String,java.lang.String,java.lang.String,java.lang.String,java.lang.String,boolean,org.springframework.security.core.Authentication); target is of class [com.camera.app.poc.controller.PocController]
2026-04-23T15:15:08.786+08:00 DEBUG 33912 --- [camera-app] [           main] horizationManagerBeforeMethodInterceptor : Failed to authorize ReflectiveMethodInvocation: public com.camera.app.common.response.ApiResponse com.camera.app.poc.controller.PocController.uploadPoc(org.springframework.web.multipart.MultipartFile,java.lang.String,java.lang.String,java.lang.String,java.lang.String,java.lang.String,java.lang.String,java.lang.String,java.lang.String,java.lang.String,boolean,org.springframework.security.core.Authentication); target is of class [com.camera.app.poc.controller.PocController] with authorization manager org.springframework.security.config.annotation.method.configuration.DeferringObservationAuthorizationManager@7bde704a and decision ExpressionAuthorizationDecision [granted=false, expressionAttribute=hasRole('ADMIN')]
]]></system-out>
  </testcase>
  <testcase name="adminCanPreviewPyFile" classname="com.camera.app.poc.controller.PocControllerTest" time="0.004">
    <system-out><![CDATA[2026-04-23T15:15:08.791+08:00 DEBUG 33912 --- [camera-app] [           main] o.s.security.web.FilterChainProxy        : Securing GET /api/v1/pocs/1/content
2026-04-23T15:15:08.791+08:00 DEBUG 33912 --- [camera-app] [           main] o.s.security.web.FilterChainProxy        : Secured GET /api/v1/pocs/1/content
2026-04-23T15:15:08.791+08:00 DEBUG 33912 --- [camera-app] [           main] horizationManagerBeforeMethodInterceptor : Authorizing method invocation ReflectiveMethodInvocation: public com.camera.app.common.response.ApiResponse com.camera.app.poc.controller.PocController.getPocContent(java.lang.Long); target is of class [com.camera.app.poc.controller.PocController]
2026-04-23T15:15:08.791+08:00 DEBUG 33912 --- [camera-app] [           main] horizationManagerBeforeMethodInterceptor : Authorized method invocation ReflectiveMethodInvocation: public com.camera.app.common.response.ApiResponse com.camera.app.poc.controller.PocController.getPocContent(java.lang.Long); target is of class [com.camera.app.poc.controller.PocController]
]]></system-out>
  </testcase>
</testsuite>