<?xml version="1.0" encoding="UTF-8"?>
<testsuite xmlns:xsi="http://www.w3.org/2001/XMLSchema-instance" xsi:noNamespaceSchemaLocation="https://maven.apache.org/surefire/maven-surefire-plugin/xsd/surefire-test-report-3.0.xsd" version="3.0" name="com.camera.app.iam.controller.UserControllerTest" time="4.368" tests="10" errors="0" skipped="0" failures="0">
  <properties>
[...]
</properties>
  <testcase name="createUserWithBlankUsernameShouldReturn400" classname="com.camera.app.iam.controller.UserControllerTest" time="0.345">
    <system-out><![CDATA[20:36:27.861 [main] INFO org.springframework.test.context.support.AnnotationConfigContextLoaderUtils -- Could not detect default configuration classes for test class [com.camera.app.iam.controller.UserControllerTest]: UserControllerTest does not declare any static, non-private, non-final, nested classes annotated with @Configuration.
20:36:27.967 [main] INFO org.springframework.boot.test.context.SpringBootTestContextBootstrapper -- Found @SpringBootConfiguration com.camera.app.CameraAppApplication for test class com.camera.app.iam.controller.UserControllerTest

  .   ____          _            __ _ _
 /\\ / ___'_ __ _ _(_)_ __  __ _ \ \ \ \
( ( )\___ | '_ | '_| | '_ \/ _` | \ \ \ \
 \\/  ___)| |_)| | | | | || (_| |  ) ) ) )
  '  |____| .__|_| |_|_| |_\__, | / / / /
 =========|_|==============|___/=/_/_/_/
 :: Spring Boot ::                (v3.2.5)

2026-04-14T20:36:28.234+08:00  INFO 41068 --- [camera-app] [           main] c.c.a.iam.controller.UserControllerTest  : Starting UserControllerTest using Java 17.0.18 with PID 41068 (started by 16127 in D:\code\camera_app\backend)
2026-04-14T20:36:28.235+08:00 DEBUG 41068 --- [camera-app] [           main] c.c.a.iam.controller.UserControllerTest  : Running with Spring Boot v3.2.5, Spring v6.1.6
2026-04-14T20:36:28.235+08:00  INFO 41068 --- [camera-app] [           main] c.c.a.iam.controller.UserControllerTest  : The following 1 profile is active: "local"
2026-04-14T20:36:31.035+08:00  INFO 41068 --- [camera-app] [           main] o.s.s.web.DefaultSecurityFilterChain     : Will secure any request with [org.springframework.security.web.session.DisableEncodeUrlFilter@44aeae34, org.springframework.security.web.context.request.async.WebAsyncManagerIntegrationFilter@2ec5cc14, org.springframework.security.web.context.SecurityContextHolderFilter@336e3be2, org.springframework.security.web.header.HeaderWriterFilter@10f20d38, org.springframework.web.filter.CorsFilter@40a8a26f, org.springframework.security.web.authentication.logout.LogoutFilter@671da0f9, com.camera.app.security.JwtAuthenticationFilter@61554b6b, org.springframework.security.web.savedrequest.RequestCacheAwareFilter@7db47323, org.springframework.security.web.servletapi.SecurityContextHolderAwareRequestFilter@5529522f, org.springframework.security.web.authentication.AnonymousAuthenticationFilter@269308cc, org.springframework.security.web.session.SessionManagementFilter@213012a0, org.springframework.security.web.access.ExceptionTranslationFilter@4f3fec43, org.springframework.security.web.access.intercept.AuthorizationFilter@16df9bde]
2026-04-14T20:36:31.537+08:00 DEBUG 41068 --- [camera-app] [           main] c.c.a.security.JwtAuthenticationFilter   : Filter 'jwtAuthenticationFilter' configured for use
2026-04-14T20:36:31.553+08:00  INFO 41068 --- [camera-app] [           main] o.s.b.t.m.w.SpringBootMockServletContext : Initializing Spring TestDispatcherServlet ''
2026-04-14T20:36:31.553+08:00  INFO 41068 --- [camera-app] [           main] o.s.t.web.servlet.TestDispatcherServlet  : Initializing Servlet ''
2026-04-14T20:36:31.555+08:00  INFO 41068 --- [camera-app] [           main] o.s.t.web.servlet.TestDispatcherServlet  : Completed initialization in 2 ms
2026-04-14T20:36:31.615+08:00  INFO 41068 --- [camera-app] [           main] c.c.a.iam.controller.UserControllerTest  : Started UserControllerTest in 3.601 seconds (process running for 4.221)
2026-04-14T20:36:31.763+08:00 DEBUG 41068 --- [camera-app] [           main] o.s.security.web.FilterChainProxy        : Securing POST /api/v1/users
2026-04-14T20:36:31.768+08:00 DEBUG 41068 --- [camera-app] [           main] o.s.security.web.FilterChainProxy        : Secured POST /api/v1/users
]]></system-out>
  </testcase>
  <testcase name="adminCanListUsers" classname="com.camera.app.iam.controller.UserControllerTest" time="0.059">
    <system-out><![CDATA[2026-04-14T20:36:32.000+08:00 DEBUG 41068 --- [camera-app] [           main] o.s.security.web.FilterChainProxy        : Securing GET /api/v1/users
2026-04-14T20:36:32.000+08:00 DEBUG 41068 --- [camera-app] [           main] o.s.security.web.FilterChainProxy        : Secured GET /api/v1/users
2026-04-14T20:36:32.004+08:00 DEBUG 41068 --- [camera-app] [           main] horizationManagerBeforeMethodInterceptor : Authorizing method invocation ReflectiveMethodInvocation: public com.camera.app.common.response.ApiResponse com.camera.app.iam.controller.UserController.listUsers(java.lang.String,java.lang.Boolean,int,int); target is of class [com.camera.app.iam.controller.UserController]
2026-04-14T20:36:32.026+08:00 DEBUG 41068 --- [camera-app] [           main] horizationManagerBeforeMethodInterceptor : Authorized method invocation ReflectiveMethodInvocation: public com.camera.app.common.response.ApiResponse com.camera.app.iam.controller.UserController.listUsers(java.lang.String,java.lang.Boolean,int,int); target is of class [com.camera.app.iam.controller.UserController]
]]></system-out>
  </testcase>
  <testcase name="operatorCannotCreateUser" classname="com.camera.app.iam.controller.UserControllerTest" time="0.012">
    <system-out><![CDATA[2026-04-14T20:36:32.043+08:00 DEBUG 41068 --- [camera-app] [           main] o.s.security.web.FilterChainProxy        : Securing POST /api/v1/users
2026-04-14T20:36:32.043+08:00 DEBUG 41068 --- [camera-app] [           main] o.s.security.web.FilterChainProxy        : Secured POST /api/v1/users
2026-04-14T20:36:32.045+08:00 DEBUG 41068 --- [camera-app] [           main] horizationManagerBeforeMethodInterceptor : Authorizing method invocation ReflectiveMethodInvocation: public com.camera.app.common.response.ApiResponse com.camera.app.iam.controller.UserController.createUser(com.camera.app.iam.dto.UserCreateRequest); target is of class [com.camera.app.iam.controller.UserController]
2026-04-14T20:36:32.050+08:00 DEBUG 41068 --- [camera-app] [           main] horizationManagerBeforeMethodInterceptor : Failed to authorize ReflectiveMethodInvocation: public com.camera.app.common.response.ApiResponse com.camera.app.iam.controller.UserController.createUser(com.camera.app.iam.dto.UserCreateRequest); target is of class [com.camera.app.iam.controller.UserController] with authorization manager org.springframework.security.config.annotation.method.configuration.DeferringObservationAuthorizationManager@350e3fb4 and decision ExpressionAuthorizationDecision [granted=false, expressionAttribute=hasRole('ADMIN')]
]]></system-out>
  </testcase>
  <testcase name="operatorCanListUsers" classname="com.camera.app.iam.controller.UserControllerTest" time="0.006">
    <system-out><![CDATA[2026-04-14T20:36:32.056+08:00 DEBUG 41068 --- [camera-app] [           main] o.s.security.web.FilterChainProxy        : Securing GET /api/v1/users
2026-04-14T20:36:32.057+08:00 DEBUG 41068 --- [camera-app] [           main] o.s.security.web.FilterChainProxy        : Secured GET /api/v1/users
2026-04-14T20:36:32.057+08:00 DEBUG 41068 --- [camera-app] [           main] horizationManagerBeforeMethodInterceptor : Authorizing method invocation ReflectiveMethodInvocation: public com.camera.app.common.response.ApiResponse com.camera.app.iam.controller.UserController.listUsers(java.lang.String,java.lang.Boolean,int,int); target is of class [com.camera.app.iam.controller.UserController]
2026-04-14T20:36:32.058+08:00 DEBUG 41068 --- [camera-app] [           main] horizationManagerBeforeMethodInterceptor : Authorized method invocation ReflectiveMethodInvocation: public com.camera.app.common.response.ApiResponse com.camera.app.iam.controller.UserController.listUsers(java.lang.String,java.lang.Boolean,int,int); target is of class [com.camera.app.iam.controller.UserController]
]]></system-out>
  </testcase>
  <testcase name="operatorCannotDeleteUser" classname="com.camera.app.iam.controller.UserControllerTest" time="0.004">
    <system-out><![CDATA[2026-04-14T20:36:32.062+08:00 DEBUG 41068 --- [camera-app] [           main] o.s.security.web.FilterChainProxy        : Securing DELETE /api/v1/users/1
2026-04-14T20:36:32.062+08:00 DEBUG 41068 --- [camera-app] [           main] o.s.security.web.FilterChainProxy        : Secured DELETE /api/v1/users/1
2026-04-14T20:36:32.063+08:00 DEBUG 41068 --- [camera-app] [           main] horizationManagerBeforeMethodInterceptor : Authorizing method invocation ReflectiveMethodInvocation: public com.camera.app.common.response.ApiResponse com.camera.app.iam.controller.UserController.deleteUser(java.lang.Long); target is of class [com.camera.app.iam.controller.UserController]
2026-04-14T20:36:32.063+08:00 DEBUG 41068 --- [camera-app] [           main] horizationManagerBeforeMethodInterceptor : Failed to authorize ReflectiveMethodInvocation: public com.camera.app.common.response.ApiResponse com.camera.app.iam.controller.UserController.deleteUser(java.lang.Long); target is of class [com.camera.app.iam.controller.UserController] with authorization manager org.springframework.security.config.annotation.method.configuration.DeferringObservationAuthorizationManager@350e3fb4 and decision ExpressionAuthorizationDecision [granted=false, expressionAttribute=hasRole('ADMIN')]
]]></system-out>
  </testcase>
  <testcase name="viewerCannotListUsers" classname="com.camera.app.iam.controller.UserControllerTest" time="0.005">
    <system-out><![CDATA[2026-04-14T20:36:32.068+08:00 DEBUG 41068 --- [camera-app] [           main] o.s.security.web.FilterChainProxy        : Securing GET /api/v1/users
2026-04-14T20:36:32.068+08:00 DEBUG 41068 --- [camera-app] [           main] o.s.security.web.FilterChainProxy        : Secured GET /api/v1/users
2026-04-14T20:36:32.068+08:00 DEBUG 41068 --- [camera-app] [           main] horizationManagerBeforeMethodInterceptor : Authorizing method invocation ReflectiveMethodInvocation: public com.camera.app.common.response.ApiResponse com.camera.app.iam.controller.UserController.listUsers(java.lang.String,java.lang.Boolean,int,int); target is of class [com.camera.app.iam.controller.UserController]
2026-04-14T20:36:32.069+08:00 DEBUG 41068 --- [camera-app] [           main] horizationManagerBeforeMethodInterceptor : Failed to authorize ReflectiveMethodInvocation: public com.camera.app.common.response.ApiResponse com.camera.app.iam.controller.UserController.listUsers(java.lang.String,java.lang.Boolean,int,int); target is of class [com.camera.app.iam.controller.UserController] with authorization manager org.springframework.security.config.annotation.method.configuration.DeferringObservationAuthorizationManager@350e3fb4 and decision ExpressionAuthorizationDecision [granted=false, expressionAttribute=hasAnyRole('ADMIN', 'OPERATOR')]
]]></system-out>
  </testcase>
  <testcase name="getUserNotFoundShouldReturn404" classname="com.camera.app.iam.controller.UserControllerTest" time="0.015">
    <system-out><![CDATA[2026-04-14T20:36:32.077+08:00 DEBUG 41068 --- [camera-app] [           main] o.s.security.web.FilterChainProxy        : Securing GET /api/v1/users/999
2026-04-14T20:36:32.077+08:00 DEBUG 41068 --- [camera-app] [           main] o.s.security.web.FilterChainProxy        : Secured GET /api/v1/users/999
2026-04-14T20:36:32.078+08:00 DEBUG 41068 --- [camera-app] [           main] horizationManagerBeforeMethodInterceptor : Authorizing method invocation ReflectiveMethodInvocation: public com.camera.app.common.response.ApiResponse com.camera.app.iam.controller.UserController.getUser(java.lang.Long); target is of class [com.camera.app.iam.controller.UserController]
2026-04-14T20:36:32.078+08:00 DEBUG 41068 --- [camera-app] [           main] horizationManagerBeforeMethodInterceptor : Authorized method invocation ReflectiveMethodInvocation: public com.camera.app.common.response.ApiResponse com.camera.app.iam.controller.UserController.getUser(java.lang.Long); target is of class [com.camera.app.iam.controller.UserController]
]]></system-out>
  </testcase>
  <testcase name="adminCanCreateUser" classname="com.camera.app.iam.controller.UserControllerTest" time="0.019">
    <system-out><![CDATA[2026-04-14T20:36:32.090+08:00 DEBUG 41068 --- [camera-app] [           main] o.s.security.web.FilterChainProxy        : Securing POST /api/v1/users
2026-04-14T20:36:32.090+08:00 DEBUG 41068 --- [camera-app] [           main] o.s.security.web.FilterChainProxy        : Secured POST /api/v1/users
2026-04-14T20:36:32.103+08:00 DEBUG 41068 --- [camera-app] [           main] horizationManagerBeforeMethodInterceptor : Authorizing method invocation ReflectiveMethodInvocation: public com.camera.app.common.response.ApiResponse com.camera.app.iam.controller.UserController.createUser(com.camera.app.iam.dto.UserCreateRequest); target is of class [com.camera.app.iam.controller.UserController]
2026-04-14T20:36:32.104+08:00 DEBUG 41068 --- [camera-app] [           main] horizationManagerBeforeMethodInterceptor : Authorized method invocation ReflectiveMethodInvocation: public com.camera.app.common.response.ApiResponse com.camera.app.iam.controller.UserController.createUser(com.camera.app.iam.dto.UserCreateRequest); target is of class [com.camera.app.iam.controller.UserController]
]]></system-out>
  </testcase>
  <testcase name="operatorCanGetUserDetail" classname="com.camera.app.iam.controller.UserControllerTest" time="0.005">
    <system-out><![CDATA[2026-04-14T20:36:32.111+08:00 DEBUG 41068 --- [camera-app] [           main] o.s.security.web.FilterChainProxy        : Securing GET /api/v1/users/1
2026-04-14T20:36:32.111+08:00 DEBUG 41068 --- [camera-app] [           main] o.s.security.web.FilterChainProxy        : Secured GET /api/v1/users/1
2026-04-14T20:36:32.111+08:00 DEBUG 41068 --- [camera-app] [           main] horizationManagerBeforeMethodInterceptor : Authorizing method invocation ReflectiveMethodInvocation: public com.camera.app.common.response.ApiResponse com.camera.app.iam.controller.UserController.getUser(java.lang.Long); target is of class [com.camera.app.iam.controller.UserController]
2026-04-14T20:36:32.111+08:00 DEBUG 41068 --- [camera-app] [           main] horizationManagerBeforeMethodInterceptor : Authorized method invocation ReflectiveMethodInvocation: public com.camera.app.common.response.ApiResponse com.camera.app.iam.controller.UserController.getUser(java.lang.Long); target is of class [com.camera.app.iam.controller.UserController]
]]></system-out>
  </testcase>
  <testcase name="duplicateUsernameShouldReturn409" classname="com.camera.app.iam.controller.UserControllerTest" time="0.007">
    <system-out><![CDATA[2026-04-14T20:36:32.115+08:00 DEBUG 41068 --- [camera-app] [           main] o.s.security.web.FilterChainProxy        : Securing POST /api/v1/users
2026-04-14T20:36:32.115+08:00 DEBUG 41068 --- [camera-app] [           main] o.s.security.web.FilterChainProxy        : Secured POST /api/v1/users
2026-04-14T20:36:32.117+08:00 DEBUG 41068 --- [camera-app] [           main] horizationManagerBeforeMethodInterceptor : Authorizing method invocation ReflectiveMethodInvocation: public com.camera.app.common.response.ApiResponse com.camera.app.iam.controller.UserController.createUser(com.camera.app.iam.dto.UserCreateRequest); target is of class [com.camera.app.iam.controller.UserController]
2026-04-14T20:36:32.118+08:00 DEBUG 41068 --- [camera-app] [           main] horizationManagerBeforeMethodInterceptor : Authorized method invocation ReflectiveMethodInvocation: public com.camera.app.common.response.ApiResponse com.camera.app.iam.controller.UserController.createUser(com.camera.app.iam.dto.UserCreateRequest); target is of class [com.camera.app.iam.controller.UserController]
]]></system-out>
  </testcase>
</testsuite>