<?xml version="1.0" encoding="UTF-8"?>
<testsuite xmlns:xsi="http://www.w3.org/2001/XMLSchema-instance" xsi:noNamespaceSchemaLocation="https://maven.apache.org/surefire/maven-surefire-plugin/xsd/surefire-test-report-3.0.xsd" version="3.0" name="com.camera.app.asset.controller.AssetControllerTest" time="6.277" tests="13" errors="0" skipped="0" failures="0">
  <properties>
[...]
</properties>
  <testcase name="operatorCanListAssets" classname="com.camera.app.asset.controller.AssetControllerTest" time="0.518">
    <system-out><![CDATA[22:26:33.988 [main] INFO org.springframework.test.context.support.AnnotationConfigContextLoaderUtils -- Could not detect default configuration classes for test class [com.camera.app.asset.controller.AssetControllerTest]: AssetControllerTest does not declare any static, non-private, non-final, nested classes annotated with @Configuration.
22:26:34.183 [main] INFO org.springframework.boot.test.context.SpringBootTestContextBootstrapper -- Found @SpringBootConfiguration com.camera.app.CameraAppApplication for test class com.camera.app.asset.controller.AssetControllerTest

  .   ____          _            __ _ _
 /\\ / ___'_ __ _ _(_)_ __  __ _ \ \ \ \
( ( )\___ | '_ | '_| | '_ \/ _` | \ \ \ \
 \\/  ___)| |_)| | | | | || (_| |  ) ) ) )
  '  |____| .__|_| |_|_| |_\__, | / / / /
 =========|_|==============|___/=/_/_/_/
 :: Spring Boot ::                (v3.2.5)

2026-04-15T22:26:34.641+08:00  INFO 23840 --- [camera-app] [           main] c.c.a.a.controller.AssetControllerTest   : Starting AssetControllerTest using Java 17.0.18 with PID 23840 (started by 16127 in D:\code\camera_app\backend)
2026-04-15T22:26:34.642+08:00 DEBUG 23840 --- [camera-app] [           main] c.c.a.a.controller.AssetControllerTest   : Running with Spring Boot v3.2.5, Spring v6.1.6
2026-04-15T22:26:34.643+08:00  INFO 23840 --- [camera-app] [           main] c.c.a.a.controller.AssetControllerTest   : The following 1 profile is active: "local"
2026-04-15T22:26:38.406+08:00  INFO 23840 --- [camera-app] [           main] o.s.s.web.DefaultSecurityFilterChain     : Will secure any request with [org.springframework.security.web.session.DisableEncodeUrlFilter@246de37e, org.springframework.security.web.context.request.async.WebAsyncManagerIntegrationFilter@19647566, org.springframework.security.web.context.SecurityContextHolderFilter@1a34a51e, org.springframework.security.web.header.HeaderWriterFilter@342a1f84, org.springframework.web.filter.CorsFilter@7b79ff1c, org.springframework.security.web.authentication.logout.LogoutFilter@ca2cd5e, com.camera.app.security.JwtAuthenticationFilter@67dc6b48, org.springframework.security.web.savedrequest.RequestCacheAwareFilter@2c668c2a, org.springframework.security.web.servletapi.SecurityContextHolderAwareRequestFilter@6efd0a6e, org.springframework.security.web.authentication.AnonymousAuthenticationFilter@527d48db, org.springframework.security.web.session.SessionManagementFilter@6cc8adff, org.springframework.security.web.access.ExceptionTranslationFilter@7f4f1536, org.springframework.security.web.access.intercept.AuthorizationFilter@3041beb3]
2026-04-15T22:26:39.035+08:00 DEBUG 23840 --- [camera-app] [           main] c.c.a.security.JwtAuthenticationFilter   : Filter 'jwtAuthenticationFilter' configured for use
2026-04-15T22:26:39.054+08:00  INFO 23840 --- [camera-app] [           main] o.s.b.t.m.w.SpringBootMockServletContext : Initializing Spring TestDispatcherServlet ''
2026-04-15T22:26:39.054+08:00  INFO 23840 --- [camera-app] [           main] o.s.t.web.servlet.TestDispatcherServlet  : Initializing Servlet ''
2026-04-15T22:26:39.057+08:00  INFO 23840 --- [camera-app] [           main] o.s.t.web.servlet.TestDispatcherServlet  : Completed initialization in 3 ms
2026-04-15T22:26:39.131+08:00  INFO 23840 --- [camera-app] [           main] c.c.a.a.controller.AssetControllerTest   : Started AssetControllerTest in 4.869 seconds (process running for 5.965)
2026-04-15T22:26:39.324+08:00 DEBUG 23840 --- [camera-app] [           main] o.s.security.web.FilterChainProxy        : Securing GET /api/v1/assets
2026-04-15T22:26:39.342+08:00 DEBUG 23840 --- [camera-app] [           main] o.s.security.web.FilterChainProxy        : Secured GET /api/v1/assets
2026-04-15T22:26:39.397+08:00 DEBUG 23840 --- [camera-app] [           main] horizationManagerBeforeMethodInterceptor : Authorizing method invocation ReflectiveMethodInvocation: public com.camera.app.common.response.ApiResponse com.camera.app.asset.controller.AssetController.listAssets(java.lang.String,java.lang.String,java.lang.String,java.lang.Boolean,int,int); target is of class [com.camera.app.asset.controller.AssetController]
2026-04-15T22:26:39.442+08:00 DEBUG 23840 --- [camera-app] [           main] horizationManagerBeforeMethodInterceptor : Authorized method invocation ReflectiveMethodInvocation: public com.camera.app.common.response.ApiResponse com.camera.app.asset.controller.AssetController.listAssets(java.lang.String,java.lang.String,java.lang.String,java.lang.Boolean,int,int); target is of class [com.camera.app.asset.controller.AssetController]
]]></system-out>
  </testcase>
  <testcase name="getAssetNotFoundShouldReturn404" classname="com.camera.app.asset.controller.AssetControllerTest" time="0.033">
    <system-out><![CDATA[2026-04-15T22:26:39.689+08:00 DEBUG 23840 --- [camera-app] [           main] o.s.security.web.FilterChainProxy        : Securing GET /api/v1/assets/999
2026-04-15T22:26:39.690+08:00 DEBUG 23840 --- [camera-app] [           main] o.s.security.web.FilterChainProxy        : Secured GET /api/v1/assets/999
2026-04-15T22:26:39.692+08:00 DEBUG 23840 --- [camera-app] [           main] horizationManagerBeforeMethodInterceptor : Authorizing method invocation ReflectiveMethodInvocation: public com.camera.app.common.response.ApiResponse com.camera.app.asset.controller.AssetController.getAsset(java.lang.Long); target is of class [com.camera.app.asset.controller.AssetController]
2026-04-15T22:26:39.692+08:00 DEBUG 23840 --- [camera-app] [           main] horizationManagerBeforeMethodInterceptor : Authorized method invocation ReflectiveMethodInvocation: public com.camera.app.common.response.ApiResponse com.camera.app.asset.controller.AssetController.getAsset(java.lang.Long); target is of class [com.camera.app.asset.controller.AssetController]
]]></system-out>
  </testcase>
  <testcase name="operatorCannotUpdateAsset" classname="com.camera.app.asset.controller.AssetControllerTest" time="0.187">
    <system-out><![CDATA[2026-04-15T22:26:39.728+08:00 DEBUG 23840 --- [camera-app] [           main] o.s.security.web.FilterChainProxy        : Securing PUT /api/v1/assets/1
2026-04-15T22:26:39.729+08:00 DEBUG 23840 --- [camera-app] [           main] o.s.security.web.FilterChainProxy        : Secured PUT /api/v1/assets/1
2026-04-15T22:26:39.892+08:00 DEBUG 23840 --- [camera-app] [           main] horizationManagerBeforeMethodInterceptor : Authorizing method invocation ReflectiveMethodInvocation: public com.camera.app.common.response.ApiResponse com.camera.app.asset.controller.AssetController.updateAsset(java.lang.Long,com.camera.app.asset.dto.AssetUpdateRequest); target is of class [com.camera.app.asset.controller.AssetController]
2026-04-15T22:26:39.899+08:00 DEBUG 23840 --- [camera-app] [           main] horizationManagerBeforeMethodInterceptor : Failed to authorize ReflectiveMethodInvocation: public com.camera.app.common.response.ApiResponse com.camera.app.asset.controller.AssetController.updateAsset(java.lang.Long,com.camera.app.asset.dto.AssetUpdateRequest); target is of class [com.camera.app.asset.controller.AssetController] with authorization manager org.springframework.security.config.annotation.method.configuration.DeferringObservationAuthorizationManager@36ab69d9 and decision ExpressionAuthorizationDecision [granted=false, expressionAttribute=hasRole('ADMIN')]
]]></system-out>
  </testcase>
  <testcase name="operatorCannotCreateAsset" classname="com.camera.app.asset.controller.AssetControllerTest" time="0.025">
    <system-out><![CDATA[2026-04-15T22:26:39.913+08:00 DEBUG 23840 --- [camera-app] [           main] o.s.security.web.FilterChainProxy        : Securing POST /api/v1/assets
2026-04-15T22:26:39.913+08:00 DEBUG 23840 --- [camera-app] [           main] o.s.security.web.FilterChainProxy        : Secured POST /api/v1/assets
2026-04-15T22:26:39.926+08:00 DEBUG 23840 --- [camera-app] [           main] horizationManagerBeforeMethodInterceptor : Authorizing method invocation ReflectiveMethodInvocation: public com.camera.app.common.response.ApiResponse com.camera.app.asset.controller.AssetController.createAsset(com.camera.app.asset.dto.AssetCreateRequest); target is of class [com.camera.app.asset.controller.AssetController]
2026-04-15T22:26:39.926+08:00 DEBUG 23840 --- [camera-app] [           main] horizationManagerBeforeMethodInterceptor : Failed to authorize ReflectiveMethodInvocation: public com.camera.app.common.response.ApiResponse com.camera.app.asset.controller.AssetController.createAsset(com.camera.app.asset.dto.AssetCreateRequest); target is of class [com.camera.app.asset.controller.AssetController] with authorization manager org.springframework.security.config.annotation.method.configuration.DeferringObservationAuthorizationManager@36ab69d9 and decision ExpressionAuthorizationDecision [granted=false, expressionAttribute=hasRole('ADMIN')]
]]></system-out>
  </testcase>
  <testcase name="viewerCannotGetAssetDetail" classname="com.camera.app.asset.controller.AssetControllerTest" time="0.006">
    <system-out><![CDATA[2026-04-15T22:26:39.932+08:00 DEBUG 23840 --- [camera-app] [           main] o.s.security.web.FilterChainProxy        : Securing GET /api/v1/assets/1
2026-04-15T22:26:39.933+08:00 DEBUG 23840 --- [camera-app] [           main] o.s.security.web.FilterChainProxy        : Secured GET /api/v1/assets/1
2026-04-15T22:26:39.934+08:00 DEBUG 23840 --- [camera-app] [           main] horizationManagerBeforeMethodInterceptor : Authorizing method invocation ReflectiveMethodInvocation: public com.camera.app.common.response.ApiResponse com.camera.app.asset.controller.AssetController.getAsset(java.lang.Long); target is of class [com.camera.app.asset.controller.AssetController]
2026-04-15T22:26:39.934+08:00 DEBUG 23840 --- [camera-app] [           main] horizationManagerBeforeMethodInterceptor : Failed to authorize ReflectiveMethodInvocation: public com.camera.app.common.response.ApiResponse com.camera.app.asset.controller.AssetController.getAsset(java.lang.Long); target is of class [com.camera.app.asset.controller.AssetController] with authorization manager org.springframework.security.config.annotation.method.configuration.DeferringObservationAuthorizationManager@36ab69d9 and decision ExpressionAuthorizationDecision [granted=false, expressionAttribute=hasAnyRole('ADMIN', 'OPERATOR')]
]]></system-out>
  </testcase>
  <testcase name="adminCanDeleteAsset" classname="com.camera.app.asset.controller.AssetControllerTest" time="0.03">
    <system-out><![CDATA[2026-04-15T22:26:39.945+08:00 DEBUG 23840 --- [camera-app] [           main] o.s.security.web.FilterChainProxy        : Securing DELETE /api/v1/assets/1
2026-04-15T22:26:39.964+08:00 DEBUG 23840 --- [camera-app] [           main] o.s.security.web.FilterChainProxy        : Secured DELETE /api/v1/assets/1
2026-04-15T22:26:39.965+08:00 DEBUG 23840 --- [camera-app] [           main] horizationManagerBeforeMethodInterceptor : Authorizing method invocation ReflectiveMethodInvocation: public com.camera.app.common.response.ApiResponse com.camera.app.asset.controller.AssetController.deleteAsset(java.lang.Long); target is of class [com.camera.app.asset.controller.AssetController]
2026-04-15T22:26:39.966+08:00 DEBUG 23840 --- [camera-app] [           main] horizationManagerBeforeMethodInterceptor : Authorized method invocation ReflectiveMethodInvocation: public com.camera.app.common.response.ApiResponse com.camera.app.asset.controller.AssetController.deleteAsset(java.lang.Long); target is of class [com.camera.app.asset.controller.AssetController]
]]></system-out>
  </testcase>
  <testcase name="adminCanUpdateAsset" classname="com.camera.app.asset.controller.AssetControllerTest" time="0.009">
    <system-out><![CDATA[2026-04-15T22:26:39.973+08:00 DEBUG 23840 --- [camera-app] [           main] o.s.security.web.FilterChainProxy        : Securing PUT /api/v1/assets/1
2026-04-15T22:26:39.973+08:00 DEBUG 23840 --- [camera-app] [           main] o.s.security.web.FilterChainProxy        : Secured PUT /api/v1/assets/1
2026-04-15T22:26:39.975+08:00 DEBUG 23840 --- [camera-app] [           main] horizationManagerBeforeMethodInterceptor : Authorizing method invocation ReflectiveMethodInvocation: public com.camera.app.common.response.ApiResponse com.camera.app.asset.controller.AssetController.updateAsset(java.lang.Long,com.camera.app.asset.dto.AssetUpdateRequest); target is of class [com.camera.app.asset.controller.AssetController]
2026-04-15T22:26:39.975+08:00 DEBUG 23840 --- [camera-app] [           main] horizationManagerBeforeMethodInterceptor : Authorized method invocation ReflectiveMethodInvocation: public com.camera.app.common.response.ApiResponse com.camera.app.asset.controller.AssetController.updateAsset(java.lang.Long,com.camera.app.asset.dto.AssetUpdateRequest); target is of class [com.camera.app.asset.controller.AssetController]
]]></system-out>
  </testcase>
  <testcase name="adminCanCreateAsset" classname="com.camera.app.asset.controller.AssetControllerTest" time="0.006">
    <system-out><![CDATA[2026-04-15T22:26:39.983+08:00 DEBUG 23840 --- [camera-app] [           main] o.s.security.web.FilterChainProxy        : Securing POST /api/v1/assets
2026-04-15T22:26:39.983+08:00 DEBUG 23840 --- [camera-app] [           main] o.s.security.web.FilterChainProxy        : Secured POST /api/v1/assets
2026-04-15T22:26:39.984+08:00 DEBUG 23840 --- [camera-app] [           main] horizationManagerBeforeMethodInterceptor : Authorizing method invocation ReflectiveMethodInvocation: public com.camera.app.common.response.ApiResponse com.camera.app.asset.controller.AssetController.createAsset(com.camera.app.asset.dto.AssetCreateRequest); target is of class [com.camera.app.asset.controller.AssetController]
2026-04-15T22:26:39.984+08:00 DEBUG 23840 --- [camera-app] [           main] horizationManagerBeforeMethodInterceptor : Authorized method invocation ReflectiveMethodInvocation: public com.camera.app.common.response.ApiResponse com.camera.app.asset.controller.AssetController.createAsset(com.camera.app.asset.dto.AssetCreateRequest); target is of class [com.camera.app.asset.controller.AssetController]
]]></system-out>
  </testcase>
  <testcase name="duplicateIpShouldReturn409" classname="com.camera.app.asset.controller.AssetControllerTest" time="0.006">
    <system-out><![CDATA[2026-04-15T22:26:39.989+08:00 DEBUG 23840 --- [camera-app] [           main] o.s.security.web.FilterChainProxy        : Securing POST /api/v1/assets
2026-04-15T22:26:39.989+08:00 DEBUG 23840 --- [camera-app] [           main] o.s.security.web.FilterChainProxy        : Secured POST /api/v1/assets
2026-04-15T22:26:39.990+08:00 DEBUG 23840 --- [camera-app] [           main] horizationManagerBeforeMethodInterceptor : Authorizing method invocation ReflectiveMethodInvocation: public com.camera.app.common.response.ApiResponse com.camera.app.asset.controller.AssetController.createAsset(com.camera.app.asset.dto.AssetCreateRequest); target is of class [com.camera.app.asset.controller.AssetController]
2026-04-15T22:26:39.990+08:00 DEBUG 23840 --- [camera-app] [           main] horizationManagerBeforeMethodInterceptor : Authorized method invocation ReflectiveMethodInvocation: public com.camera.app.common.response.ApiResponse com.camera.app.asset.controller.AssetController.createAsset(com.camera.app.asset.dto.AssetCreateRequest); target is of class [com.camera.app.asset.controller.AssetController]
]]></system-out>
  </testcase>
  <testcase name="createAssetWithBlankNameShouldReturn400" classname="com.camera.app.asset.controller.AssetControllerTest" time="0.025">
    <system-out><![CDATA[2026-04-15T22:26:39.996+08:00 DEBUG 23840 --- [camera-app] [           main] o.s.security.web.FilterChainProxy        : Securing POST /api/v1/assets
2026-04-15T22:26:39.996+08:00 DEBUG 23840 --- [camera-app] [           main] o.s.security.web.FilterChainProxy        : Secured POST /api/v1/assets
]]></system-out>
  </testcase>
  <testcase name="operatorCannotDeleteAsset" classname="com.camera.app.asset.controller.AssetControllerTest" time="0.005">
    <system-out><![CDATA[2026-04-15T22:26:40.022+08:00 DEBUG 23840 --- [camera-app] [           main] o.s.security.web.FilterChainProxy        : Securing DELETE /api/v1/assets/1
2026-04-15T22:26:40.022+08:00 DEBUG 23840 --- [camera-app] [           main] o.s.security.web.FilterChainProxy        : Secured DELETE /api/v1/assets/1
2026-04-15T22:26:40.022+08:00 DEBUG 23840 --- [camera-app] [           main] horizationManagerBeforeMethodInterceptor : Authorizing method invocation ReflectiveMethodInvocation: public com.camera.app.common.response.ApiResponse com.camera.app.asset.controller.AssetController.deleteAsset(java.lang.Long); target is of class [com.camera.app.asset.controller.AssetController]
2026-04-15T22:26:40.022+08:00 DEBUG 23840 --- [camera-app] [           main] horizationManagerBeforeMethodInterceptor : Failed to authorize ReflectiveMethodInvocation: public com.camera.app.common.response.ApiResponse com.camera.app.asset.controller.AssetController.deleteAsset(java.lang.Long); target is of class [com.camera.app.asset.controller.AssetController] with authorization manager org.springframework.security.config.annotation.method.configuration.DeferringObservationAuthorizationManager@36ab69d9 and decision ExpressionAuthorizationDecision [granted=false, expressionAttribute=hasRole('ADMIN')]
]]></system-out>
  </testcase>
  <testcase name="createAssetWithBlankIpShouldReturn400" classname="com.camera.app.asset.controller.AssetControllerTest" time="0.005">
    <system-out><![CDATA[2026-04-15T22:26:40.029+08:00 DEBUG 23840 --- [camera-app] [           main] o.s.security.web.FilterChainProxy        : Securing POST /api/v1/assets
2026-04-15T22:26:40.029+08:00 DEBUG 23840 --- [camera-app] [           main] o.s.security.web.FilterChainProxy        : Secured POST /api/v1/assets
]]></system-out>
  </testcase>
  <testcase name="viewerCannotListAssets" classname="com.camera.app.asset.controller.AssetControllerTest" time="0.004">
    <system-out><![CDATA[2026-04-15T22:26:40.035+08:00 DEBUG 23840 --- [camera-app] [           main] o.s.security.web.FilterChainProxy        : Securing GET /api/v1/assets
2026-04-15T22:26:40.035+08:00 DEBUG 23840 --- [camera-app] [           main] o.s.security.web.FilterChainProxy        : Secured GET /api/v1/assets
2026-04-15T22:26:40.035+08:00 DEBUG 23840 --- [camera-app] [           main] horizationManagerBeforeMethodInterceptor : Authorizing method invocation ReflectiveMethodInvocation: public com.camera.app.common.response.ApiResponse com.camera.app.asset.controller.AssetController.listAssets(java.lang.String,java.lang.String,java.lang.String,java.lang.Boolean,int,int); target is of class [com.camera.app.asset.controller.AssetController]
2026-04-15T22:26:40.035+08:00 DEBUG 23840 --- [camera-app] [           main] horizationManagerBeforeMethodInterceptor : Failed to authorize ReflectiveMethodInvocation: public com.camera.app.common.response.ApiResponse com.camera.app.asset.controller.AssetController.listAssets(java.lang.String,java.lang.String,java.lang.String,java.lang.Boolean,int,int); target is of class [com.camera.app.asset.controller.AssetController] with authorization manager org.springframework.security.config.annotation.method.configuration.DeferringObservationAuthorizationManager@36ab69d9 and decision ExpressionAuthorizationDecision [granted=false, expressionAttribute=hasAnyRole('ADMIN', 'OPERATOR')]
]]></system-out>
  </testcase>
</testsuite>