<?xml version="1.0" encoding="UTF-8"?>
<testsuite xmlns:xsi="http://www.w3.org/2001/XMLSchema-instance" xsi:noNamespaceSchemaLocation="https://maven.apache.org/surefire/maven-surefire-plugin/xsd/surefire-test-report-3.0.xsd" version="3.0" name="com.camera.app.CameraAppApplicationTests" time="8.299" tests="1" errors="0" skipped="0" failures="0">
  <properties>
[...]
</properties>
  <testcase name="contextLoads" classname="com.camera.app.CameraAppApplicationTests" time="0.448">
    <system-out><![CDATA[13:57:05.267 [main] INFO org.springframework.test.context.support.AnnotationConfigContextLoaderUtils -- Could not detect default configuration classes for test class [com.camera.app.CameraAppApplicationTests]: CameraAppApplicationTests does not declare any static, non-private, non-final, nested classes annotated with @Configuration.
13:57:05.380 [main] INFO org.springframework.boot.test.context.SpringBootTestContextBootstrapper -- Found @SpringBootConfiguration com.camera.app.CameraAppApplication for test class com.camera.app.CameraAppApplicationTests

  .   ____          _            __ _ _
 /\\ / ___'_ __ _ _(_)_ __  __ _ \ \ \ \
( ( )\___ | '_ | '_| | '_ \/ _` | \ \ \ \
 \\/  ___)| |_)| | | | | || (_| |  ) ) ) )
  '  |____| .__|_| |_|_| |_\__, | / / / /
 =========|_|==============|___/=/_/_/_/
 :: Spring Boot ::                (v3.2.5)

2026-03-30T13:57:05.885+08:00  INFO 19420 --- [camera-app] [           main] c.camera.app.CameraAppApplicationTests   : Starting CameraAppApplicationTests using Java 17.0.18 with PID 19420 (started by 16127 in D:\code\camera_app\backend)
2026-03-30T13:57:05.885+08:00 DEBUG 19420 --- [camera-app] [           main] c.camera.app.CameraAppApplicationTests   : Running with Spring Boot v3.2.5, Spring v6.1.6
2026-03-30T13:57:05.887+08:00  INFO 19420 --- [camera-app] [           main] c.camera.app.CameraAppApplicationTests   : The following 1 profile is active: "local"
2026-03-30T13:57:07.011+08:00  INFO 19420 --- [camera-app] [           main] .s.d.r.c.RepositoryConfigurationDelegate : Bootstrapping Spring Data JPA repositories in DEFAULT mode.
2026-03-30T13:57:07.074+08:00  INFO 19420 --- [camera-app] [           main] .s.d.r.c.RepositoryConfigurationDelegate : Finished Spring Data repository scanning in 53 ms. Found 2 JPA repository interfaces.
2026-03-30T13:57:07.753+08:00  INFO 19420 --- [camera-app] [           main] com.zaxxer.hikari.HikariDataSource       : HikariPool-1 - Starting...
2026-03-30T13:57:08.242+08:00  INFO 19420 --- [camera-app] [           main] com.zaxxer.hikari.pool.HikariPool        : HikariPool-1 - Added connection com.mysql.cj.jdbc.ConnectionImpl@5ed0b4e3
2026-03-30T13:57:08.244+08:00  INFO 19420 --- [camera-app] [           main] com.zaxxer.hikari.HikariDataSource       : HikariPool-1 - Start completed.
2026-03-30T13:57:08.394+08:00  INFO 19420 --- [camera-app] [           main] o.f.c.internal.license.VersionPrinter    : Flyway Community Edition 9.22.3 by Redgate
2026-03-30T13:57:08.395+08:00  INFO 19420 --- [camera-app] [           main] o.f.c.internal.license.VersionPrinter    : See release notes here: https://rd.gt/416ObMi
2026-03-30T13:57:08.395+08:00  INFO 19420 --- [camera-app] [           main] o.f.c.internal.license.VersionPrinter    : 
2026-03-30T13:57:08.403+08:00 DEBUG 19420 --- [camera-app] [           main] o.f.c.i.s.classpath.ClassPathScanner     : Scanning for classpath resources at 'classpath:db/callback' ...
2026-03-30T13:57:08.403+08:00 DEBUG 19420 --- [camera-app] [           main] o.f.c.i.s.classpath.ClassPathScanner     : Determining location urls for classpath:db/callback using ClassLoader jdk.internal.loader.ClassLoaders$AppClassLoader@7852e922 ...
2026-03-30T13:57:08.404+08:00 DEBUG 19420 --- [camera-app] [           main] o.f.c.i.s.classpath.ClassPathScanner     : Unable to resolve location classpath:db/callback.
2026-03-30T13:57:08.404+08:00 DEBUG 19420 --- [camera-app] [           main] o.f.c.i.s.classpath.ClassPathScanner     : Scanning for classpath resources at 'classpath:db/migration' ...
2026-03-30T13:57:08.404+08:00 DEBUG 19420 --- [camera-app] [           main] o.f.c.i.s.classpath.ClassPathScanner     : Determining location urls for classpath:db/migration using ClassLoader jdk.internal.loader.ClassLoaders$AppClassLoader@7852e922 ...
2026-03-30T13:57:08.404+08:00 DEBUG 19420 --- [camera-app] [           main] o.f.c.i.s.classpath.ClassPathScanner     : Scanning URL: file:/D:/code/camera_app/backend/target/classes/db/migration
2026-03-30T13:57:08.407+08:00 DEBUG 19420 --- [camera-app] [           main] i.s.c.FileSystemClassPathLocationScanner : Scanning starting at classpath root in filesystem: D:\code\camera_app\backend\target\classes\
2026-03-30T13:57:08.407+08:00 DEBUG 19420 --- [camera-app] [           main] i.s.c.FileSystemClassPathLocationScanner : Scanning for resources in path: D:\code\camera_app\backend\target\classes\db\migration (db/migration)
2026-03-30T13:57:08.412+08:00 DEBUG 19420 --- [camera-app] [           main] o.f.c.i.s.classpath.ClassPathScanner     : Found resource: db/migration/V1__create_iam_tables.sql
2026-03-30T13:57:08.413+08:00 DEBUG 19420 --- [camera-app] [           main] o.f.c.i.s.classpath.ClassPathScanner     : Found resource: db/migration/V2__create_audit_log.sql
2026-03-30T13:57:08.413+08:00 DEBUG 19420 --- [camera-app] [           main] o.f.c.i.s.classpath.ClassPathScanner     : Scanning for classes at classpath:db/migration
2026-03-30T13:57:08.422+08:00 DEBUG 19420 --- [camera-app] [           main] o.f.c.i.resource.ResourceNameValidator   : Validating V2__create_audit_log.sql
2026-03-30T13:57:08.425+08:00 DEBUG 19420 --- [camera-app] [           main] o.f.c.i.resource.ResourceNameValidator   : Validating V1__create_iam_tables.sql
2026-03-30T13:57:08.479+08:00  INFO 19420 --- [camera-app] [           main] org.flywaydb.core.FlywayExecutor         : Database: jdbc:mysql://localhost:3306/camera_app (MySQL 8.0)
2026-03-30T13:57:08.479+08:00 DEBUG 19420 --- [camera-app] [           main] org.flywaydb.core.FlywayExecutor         : Driver: MySQL Connector/J mysql-connector-j-8.3.0 (Revision: 805f872a57875f311cb82487efcfb070411a3fa0)
2026-03-30T13:57:08.479+08:00 DEBUG 19420 --- [camera-app] [           main] org.flywaydb.core.FlywayExecutor         : DDL Transactions Supported: false
2026-03-30T13:57:08.481+08:00 DEBUG 19420 --- [camera-app] [           main] o.f.c.i.s.SchemaHistoryFactory           : Schemas: 
2026-03-30T13:57:08.482+08:00 DEBUG 19420 --- [camera-app] [           main] o.f.c.i.s.SchemaHistoryFactory           : Default schema: null
2026-03-30T13:57:08.501+08:00 DEBUG 19420 --- [camera-app] [           main] o.f.database.mysql.MySQLConnection       : Disabled user variable reset as performance_schema.user_variables_by_thread cannot be queried (SQL State: 42000, Error Code: 1142)
2026-03-30T13:57:08.517+08:00 DEBUG 19420 --- [camera-app] [           main] o.f.c.i.c.SqlScriptCallbackFactory       : Scanning for SQL callbacks ...
2026-03-30T13:57:08.547+08:00 DEBUG 19420 --- [camera-app] [           main] o.f.core.internal.command.DbValidate     : Validating migrations ...
2026-03-30T13:57:08.585+08:00 DEBUG 19420 --- [camera-app] [           main] o.f.core.internal.scanner.Scanner        : Filtering out resource: db/migration/V2__create_audit_log.sql (filename: V2__create_audit_log.sql)
2026-03-30T13:57:08.585+08:00 DEBUG 19420 --- [camera-app] [           main] o.f.core.internal.scanner.Scanner        : Filtering out resource: db/migration/V1__create_iam_tables.sql (filename: V1__create_iam_tables.sql)
2026-03-30T13:57:08.587+08:00 DEBUG 19420 --- [camera-app] [           main] o.f.core.internal.scanner.Scanner        : Filtering out resource: db/migration/V2__create_audit_log.sql (filename: V2__create_audit_log.sql)
2026-03-30T13:57:08.587+08:00 DEBUG 19420 --- [camera-app] [           main] o.f.core.internal.scanner.Scanner        : Filtering out resource: db/migration/V1__create_iam_tables.sql (filename: V1__create_iam_tables.sql)
2026-03-30T13:57:08.598+08:00  INFO 19420 --- [camera-app] [           main] o.f.c.i.s.JdbcTableSchemaHistory         : Schema history table `camera_app`.`flyway_schema_history` does not exist yet
2026-03-30T13:57:08.609+08:00  INFO 19420 --- [camera-app] [           main] o.f.core.internal.command.DbValidate     : Successfully validated 2 migrations (execution time 00:00.058s)
2026-03-30T13:57:08.620+08:00 DEBUG 19420 --- [camera-app] [           main] o.f.core.internal.command.DbSchemas      : Skipping creation of existing schema: `camera_app`
2026-03-30T13:57:08.652+08:00  INFO 19420 --- [camera-app] [           main] o.f.c.i.s.JdbcTableSchemaHistory         : Creating Schema History table `camera_app`.`flyway_schema_history` ...
2026-03-30T13:57:08.665+08:00 DEBUG 19420 --- [camera-app] [           main] o.flywaydb.core.internal.parser.Parser   : Parsing  ...
2026-03-30T13:57:08.682+08:00 DEBUG 19420 --- [camera-app] [           main] o.f.c.i.sqlscript.ParserSqlScript        : Found statement at line 1: CREATE TABLE `camera_app`.`flyway_schema_history` (
    `installed_rank` INT NOT NULL,
    `version` VARCHAR(50),
    `description` VARCHAR(200) NOT NULL,
    `type` VARCHAR(20) NOT NULL,
    `script` VARCHAR(1000) NOT NULL,
    `checksum` INT,
    `installed_by` VARCHAR(100) NOT NULL,
    `installed_on` TIMESTAMP NOT NULL DEFAULT CURRENT_TIMESTAMP,
    `execution_time` INT NOT NULL,
    `success` BOOL NOT NULL,
    CONSTRAINT `flyway_schema_history_pk` PRIMARY KEY (`installed_rank`)
) ENGINE=InnoDB
2026-03-30T13:57:08.684+08:00 DEBUG 19420 --- [camera-app] [           main] o.f.c.i.sqlscript.ParserSqlScript        : Found statement at line 14: CREATE INDEX `flyway_schema_history_s_idx` ON `camera_app`.`flyway_schema_history` (`success`)
2026-03-30T13:57:08.685+08:00 DEBUG 19420 --- [camera-app] [           main] o.f.c.i.s.DefaultSqlScriptExecutor       : Executing SQL: CREATE TABLE `camera_app`.`flyway_schema_history` (
    `installed_rank` INT NOT NULL,
    `version` VARCHAR(50),
    `description` VARCHAR(200) NOT NULL,
    `type` VARCHAR(20) NOT NULL,
    `script` VARCHAR(1000) NOT NULL,
    `checksum` INT,
    `installed_by` VARCHAR(100) NOT NULL,
    `installed_on` TIMESTAMP NOT NULL DEFAULT CURRENT_TIMESTAMP,
    `execution_time` INT NOT NULL,
    `success` BOOL NOT NULL,
    CONSTRAINT `flyway_schema_history_pk` PRIMARY KEY (`installed_rank`)
) ENGINE=InnoDB
2026-03-30T13:57:08.748+08:00 DEBUG 19420 --- [camera-app] [           main] o.f.c.i.s.DefaultSqlScriptExecutor       : 0 rows affected
2026-03-30T13:57:08.749+08:00 DEBUG 19420 --- [camera-app] [           main] o.f.c.i.s.DefaultSqlScriptExecutor       : Executing SQL: CREATE INDEX `flyway_schema_history_s_idx` ON `camera_app`.`flyway_schema_history` (`success`)
2026-03-30T13:57:08.792+08:00 DEBUG 19420 --- [camera-app] [           main] o.f.c.i.s.DefaultSqlScriptExecutor       : 0 rows affected
2026-03-30T13:57:08.793+08:00 DEBUG 19420 --- [camera-app] [           main] o.f.c.i.s.JdbcTableSchemaHistory         : Created Schema History table `camera_app`.`flyway_schema_history`
2026-03-30T13:57:08.811+08:00  INFO 19420 --- [camera-app] [           main] o.f.core.internal.command.DbMigrate      : Current version of schema `camera_app`: << Empty Schema >>
2026-03-30T13:57:08.811+08:00 DEBUG 19420 --- [camera-app] [           main] o.flywaydb.core.internal.parser.Parser   : Parsing V1__create_iam_tables.sql ...
2026-03-30T13:57:08.812+08:00 DEBUG 19420 --- [camera-app] [           main] o.f.c.i.sqlscript.ParserSqlScript        : Found statement at line 3: -- IAM: roles, users, user_roles

CREATE TABLE IF NOT EXISTS roles (
    id          BIGINT       NOT NULL AUTO_INCREMENT,
    name        VARCHAR(64)  NOT NULL,
    description VARCHAR(255),
    PRIMARY KEY (id),
    UNIQUE KEY uk_roles_name (name)
) ENGINE=InnoDB DEFAULT CHARSET=utf8mb4 COLLATE=utf8mb4_unicode_ci
2026-03-30T13:57:08.814+08:00 DEBUG 19420 --- [camera-app] [           main] o.f.c.i.sqlscript.ParserSqlScript        : Found statement at line 11: CREATE TABLE IF NOT EXISTS users (
    id          BIGINT       NOT NULL AUTO_INCREMENT,
    username    VARCHAR(64)  NOT NULL,
    password    VARCHAR(255) NOT NULL,
    email       VARCHAR(128),
    enabled     TINYINT(1)   NOT NULL DEFAULT 1,
    created_at  DATETIME     NOT NULL DEFAULT CURRENT_TIMESTAMP,
    updated_at  DATETIME     NOT NULL DEFAULT CURRENT_TIMESTAMP ON UPDATE CURRENT_TIMESTAMP,
    PRIMARY KEY (id),
    UNIQUE KEY uk_users_username (username)
) ENGINE=InnoDB DEFAULT CHARSET=utf8mb4 COLLATE=utf8mb4_unicode_ci
2026-03-30T13:57:08.817+08:00 DEBUG 19420 --- [camera-app] [           main] o.f.c.i.sqlscript.ParserSqlScript        : Found statement at line 23: CREATE TABLE IF NOT EXISTS user_roles (
    user_id BIGINT NOT NULL,
    role_id BIGINT NOT NULL,
    PRIMARY KEY (user_id, role_id),
    CONSTRAINT fk_user_roles_user FOREIGN KEY (user_id) REFERENCES users (id) ON DELETE CASCADE,
    CONSTRAINT fk_user_roles_role FOREIGN KEY (role_id) REFERENCES roles (id) ON DELETE CASCADE
) ENGINE=InnoDB DEFAULT CHARSET=utf8mb4 COLLATE=utf8mb4_unicode_ci
2026-03-30T13:57:08.819+08:00 DEBUG 19420 --- [camera-app] [           main] o.f.core.internal.command.DbMigrate      : Starting migration of schema `camera_app` to version "1 - create iam tables" ...
2026-03-30T13:57:08.825+08:00  INFO 19420 --- [camera-app] [           main] o.f.core.internal.command.DbMigrate      : Migrating schema `camera_app` to version "1 - create iam tables"
2026-03-30T13:57:08.827+08:00 DEBUG 19420 --- [camera-app] [           main] o.f.c.i.s.DefaultSqlScriptExecutor       : Executing SQL: -- IAM: roles, users, user_roles

CREATE TABLE IF NOT EXISTS roles (
    id          BIGINT       NOT NULL AUTO_INCREMENT,
    name        VARCHAR(64)  NOT NULL,
    description VARCHAR(255),
    PRIMARY KEY (id),
    UNIQUE KEY uk_roles_name (name)
) ENGINE=InnoDB DEFAULT CHARSET=utf8mb4 COLLATE=utf8mb4_unicode_ci
2026-03-30T13:57:08.853+08:00 DEBUG 19420 --- [camera-app] [           main] o.f.c.i.s.DefaultSqlScriptExecutor       : 0 rows affected
2026-03-30T13:57:08.853+08:00 DEBUG 19420 --- [camera-app] [           main] o.f.c.i.s.DefaultSqlScriptExecutor       : Executing SQL: CREATE TABLE IF NOT EXISTS users (
    id          BIGINT       NOT NULL AUTO_INCREMENT,
    username    VARCHAR(64)  NOT NULL,
    password    VARCHAR(255) NOT NULL,
    email       VARCHAR(128),
    enabled     TINYINT(1)   NOT NULL DEFAULT 1,
    created_at  DATETIME     NOT NULL DEFAULT CURRENT_TIMESTAMP,
    updated_at  DATETIME     NOT NULL DEFAULT CURRENT_TIMESTAMP ON UPDATE CURRENT_TIMESTAMP,
    PRIMARY KEY (id),
    UNIQUE KEY uk_users_username (username)
) ENGINE=InnoDB DEFAULT CHARSET=utf8mb4 COLLATE=utf8mb4_unicode_ci
2026-03-30T13:57:08.884+08:00  WARN 19420 --- [camera-app] [           main] o.f.c.i.s.DefaultSqlScriptExecutor       : DB: Integer display width is deprecated and will be removed in a future release. (SQL State: HY000 - Error Code: 1681)
2026-03-30T13:57:08.884+08:00 DEBUG 19420 --- [camera-app] [           main] o.f.c.i.s.DefaultSqlScriptExecutor       : 0 rows affected
2026-03-30T13:57:08.884+08:00 DEBUG 19420 --- [camera-app] [           main] o.f.c.i.s.DefaultSqlScriptExecutor       : Executing SQL: CREATE TABLE IF NOT EXISTS user_roles (
    user_id BIGINT NOT NULL,
    role_id BIGINT NOT NULL,
    PRIMARY KEY (user_id, role_id),
    CONSTRAINT fk_user_roles_user FOREIGN KEY (user_id) REFERENCES users (id) ON DELETE CASCADE,
    CONSTRAINT fk_user_roles_role FOREIGN KEY (role_id) REFERENCES roles (id) ON DELETE CASCADE
) ENGINE=InnoDB DEFAULT CHARSET=utf8mb4 COLLATE=utf8mb4_unicode_ci
2026-03-30T13:57:08.918+08:00 DEBUG 19420 --- [camera-app] [           main] o.f.c.i.s.DefaultSqlScriptExecutor       : 0 rows affected
2026-03-30T13:57:08.919+08:00 DEBUG 19420 --- [camera-app] [           main] o.f.core.internal.command.DbMigrate      : Successfully completed migration of schema `camera_app` to version "1 - create iam tables"
2026-03-30T13:57:08.969+08:00 DEBUG 19420 --- [camera-app] [           main] o.f.c.i.s.JdbcTableSchemaHistory         : Schema History table `camera_app`.`flyway_schema_history` successfully updated to reflect changes
2026-03-30T13:57:08.990+08:00 DEBUG 19420 --- [camera-app] [           main] o.flywaydb.core.internal.parser.Parser   : Parsing V2__create_audit_log.sql ...
2026-03-30T13:57:08.994+08:00 DEBUG 19420 --- [camera-app] [           main] o.f.c.i.sqlscript.ParserSqlScript        : Found statement at line 3: -- Audit log: records all write operations

CREATE TABLE IF NOT EXISTS audit_log (
    id            BIGINT       NOT NULL AUTO_INCREMENT,
    user_id       BIGINT,
    username      VARCHAR(64),
    action        VARCHAR(64)  NOT NULL,
    resource_type VARCHAR(64),
    resource_id   VARCHAR(128),
    ip_address    VARCHAR(45),
    details       TEXT,
    created_at    DATETIME     NOT NULL DEFAULT CURRENT_TIMESTAMP,
    PRIMARY KEY (id),
    INDEX idx_audit_user_id   (user_id),
    INDEX idx_audit_action    (action),
    INDEX idx_audit_created   (created_at)
) ENGINE=InnoDB DEFAULT CHARSET=utf8mb4 COLLATE=utf8mb4_unicode_ci
2026-03-30T13:57:09.001+08:00 DEBUG 19420 --- [camera-app] [           main] o.f.core.internal.command.DbMigrate      : Starting migration of schema `camera_app` to version "2 - create audit log" ...
2026-03-30T13:57:09.005+08:00  INFO 19420 --- [camera-app] [           main] o.f.core.internal.command.DbMigrate      : Migrating schema `camera_app` to version "2 - create audit log"
2026-03-30T13:57:09.006+08:00 DEBUG 19420 --- [camera-app] [           main] o.f.c.i.s.DefaultSqlScriptExecutor       : Executing SQL: -- Audit log: records all write operations

CREATE TABLE IF NOT EXISTS audit_log (
    id            BIGINT       NOT NULL AUTO_INCREMENT,
    user_id       BIGINT,
    username      VARCHAR(64),
    action        VARCHAR(64)  NOT NULL,
    resource_type VARCHAR(64),
    resource_id   VARCHAR(128),
    ip_address    VARCHAR(45),
    details       TEXT,
    created_at    DATETIME     NOT NULL DEFAULT CURRENT_TIMESTAMP,
    PRIMARY KEY (id),
    INDEX idx_audit_user_id   (user_id),
    INDEX idx_audit_action    (action),
    INDEX idx_audit_created   (created_at)
) ENGINE=InnoDB DEFAULT CHARSET=utf8mb4 COLLATE=utf8mb4_unicode_ci
2026-03-30T13:57:09.040+08:00 DEBUG 19420 --- [camera-app] [           main] o.f.c.i.s.DefaultSqlScriptExecutor       : 0 rows affected
2026-03-30T13:57:09.040+08:00 DEBUG 19420 --- [camera-app] [           main] o.f.core.internal.command.DbMigrate      : Successfully completed migration of schema `camera_app` to version "2 - create audit log"
2026-03-30T13:57:09.076+08:00 DEBUG 19420 --- [camera-app] [           main] o.f.c.i.s.JdbcTableSchemaHistory         : Schema History table `camera_app`.`flyway_schema_history` successfully updated to reflect changes
2026-03-30T13:57:09.105+08:00  INFO 19420 --- [camera-app] [           main] o.f.core.internal.command.DbMigrate      : Successfully applied 2 migrations to schema `camera_app`, now at version v2 (execution time 00:00.137s)
2026-03-30T13:57:09.110+08:00 DEBUG 19420 --- [camera-app] [           main] org.flywaydb.core.FlywayExecutor         : Memory usage: 38 of 86M
2026-03-30T13:57:09.211+08:00  INFO 19420 --- [camera-app] [           main] o.hibernate.jpa.internal.util.LogHelper  : HHH000204: Processing PersistenceUnitInfo [name: default]
2026-03-30T13:57:09.335+08:00  INFO 19420 --- [camera-app] [           main] org.hibernate.Version                    : HHH000412: Hibernate ORM core version 6.4.4.Final
2026-03-30T13:57:09.385+08:00  INFO 19420 --- [camera-app] [           main] o.h.c.internal.RegionFactoryInitiator    : HHH000026: Second-level cache disabled
2026-03-30T13:57:09.743+08:00  INFO 19420 --- [camera-app] [           main] o.s.o.j.p.SpringPersistenceUnitInfo      : No LoadTimeWeaver setup: ignoring JPA class transformer
2026-03-30T13:57:09.829+08:00  WARN 19420 --- [camera-app] [           main] org.hibernate.orm.deprecation            : HHH90000025: MySQLDialect does not need to be specified explicitly using 'hibernate.dialect' (remove the property setting and it will be selected by default)
2026-03-30T13:57:10.724+08:00  INFO 19420 --- [camera-app] [           main] o.h.e.t.j.p.i.JtaPlatformInitiator       : HHH000489: No JTA platform available (set 'hibernate.transaction.jta.platform' to enable JTA platform integration)
2026-03-30T13:57:10.758+08:00  INFO 19420 --- [camera-app] [           main] j.LocalContainerEntityManagerFactoryBean : Initialized JPA EntityManagerFactory for persistence unit 'default'
2026-03-30T13:57:12.008+08:00  INFO 19420 --- [camera-app] [           main] o.s.s.web.DefaultSecurityFilterChain     : Will secure any request with [org.springframework.security.web.session.DisableEncodeUrlFilter@72f91c91, org.springframework.security.web.context.request.async.WebAsyncManagerIntegrationFilter@69d6fe75, org.springframework.security.web.context.SecurityContextHolderFilter@6dd50380, org.springframework.security.web.header.HeaderWriterFilter@67836d4, org.springframework.web.filter.CorsFilter@3d273300, org.springframework.security.web.authentication.logout.LogoutFilter@763a72da, com.camera.app.security.JwtAuthenticationFilter@49f32bcb, org.springframework.security.web.savedrequest.RequestCacheAwareFilter@173da924, org.springframework.security.web.servletapi.SecurityContextHolderAwareRequestFilter@1a9e2c3b, org.springframework.security.web.authentication.AnonymousAuthenticationFilter@3fe7c87c, org.springframework.security.web.session.SessionManagementFilter@5653429e, org.springframework.security.web.access.ExceptionTranslationFilter@2f9d47a3, org.springframework.security.web.access.intercept.AuthorizationFilter@21b75073]
2026-03-30T13:57:12.580+08:00  INFO 19420 --- [camera-app] [           main] c.camera.app.CameraAppApplicationTests   : Started CameraAppApplicationTests in 7.013 seconds (process running for 8.042)
Hibernate: select r1_0.id,r1_0.description,r1_0.name from roles r1_0 where r1_0.name=?
Hibernate: insert into roles (description,name) values (?,?)
2026-03-30T13:57:12.754+08:00  INFO 19420 --- [camera-app] [           main] com.camera.app.config.DataInitializer    : Seeded role: ROLE_ADMIN
Hibernate: select r1_0.id,r1_0.description,r1_0.name from roles r1_0 where r1_0.name=?
Hibernate: insert into roles (description,name) values (?,?)
2026-03-30T13:57:12.764+08:00  INFO 19420 --- [camera-app] [           main] com.camera.app.config.DataInitializer    : Seeded role: ROLE_OPERATOR
Hibernate: select r1_0.id,r1_0.description,r1_0.name from roles r1_0 where r1_0.name=?
Hibernate: insert into roles (description,name) values (?,?)
2026-03-30T13:57:12.776+08:00  INFO 19420 --- [camera-app] [           main] com.camera.app.config.DataInitializer    : Seeded role: ROLE_VIEWER
Hibernate: select u1_0.id from users u1_0 where u1_0.username=? limit ?
Hibernate: select r1_0.id,r1_0.description,r1_0.name from roles r1_0 where r1_0.name=?
Hibernate: insert into users (created_at,email,enabled,password,updated_at,username) values (?,?,?,?,?,?)
2026-03-30T13:57:12.895+08:00  INFO 19420 --- [camera-app] [           main] com.camera.app.config.DataInitializer    : Seeded default admin user (admin / Admin@123)
Hibernate: insert into user_roles (user_id,role_id) values (?,?)
]]></system-out>
  </testcase>
</testsuite>